This is pdfTeX, Version 3.14159265-2.6-1.40.19 (TeX Live 2018) (preloaded format=latex 2019.2.24)  20 NOV 2019 08:40
entering extended mode
 restricted \write18 enabled.
 %&-line parsing enabled.
**"wordcount.tex\csname ?\endcsname"
(/usr/local/texlive/2016/texmf-dist/tex/latex/wordcount/wordcount.tex
LaTeX2e <2018-12-01>
File: wordcount.tex 2016/06/03 v1.7 Michael Downes
(/usr/local/texlive/2016/texmf-dist/tex/latex/base/fontenc.sty
Package: fontenc 2018/08/11 v2.0j Standard LaTeX package

(/usr/local/texlive/2016/texmf-dist/tex/latex/base/t1enc.def
File: t1enc.def 2018/08/11 v2.0j Standard LaTeX file
LaTeX Font Info:    Redeclaring font encoding T1 on input line 48.
))
\thickmuskip=\muskip10
\@charfontname=\skip41
\hfuzz=\dimen102

No auxiliary output files.

File name [press RETURN to cancel]: pauli spin matrices.ipynb
pauli spin matrices.ipynb
Processing pauli spin matrices.ipynb...


! LaTeX Error: Missing \begin{document}.

See the LaTeX manual or LaTeX Companion for explanation.
Type  H <return>  for immediate help.
 ...                                              
                                                  
l.194 ...ts{\wcFileName}{\batchmode}{\nonstopmode}
                                                  
? 
! Emergency stop.
 ...                                              
                                                  
l.194 ...ts{\wcFileName}{\batchmode}{\nonstopmode}
                                                  
You're in trouble here.  Try typing  <return>  to proceed.
If that doesn't work, type  X <return>  to quit.

 
Here is how much of TeX's memory you used:
 236 strings out of 492617
 2199 string characters out of 6129008
 58037 words of memory out of 5000000
 4237 multiletter control sequences out of 15000+600000
 6053 words of font info for 16 fonts, out of 8000000 for 9000
 1141 hyphenation exceptions out of 8191
 22i,0n,18p,140b,37s stack positions out of 5000i,500n,10000p,200000b,80000s
No pages of output.
